2025-11-09 00:28:34.568 [main] INFO  com.itheima.TliasWebManagementApplication-Starting TliasWebManagementApplication using Java 17.0.17 with PID 99640 (/Users/ykw/Documents/WebApp/IdeaProj/web-ai-proj02/tlias-web-management/target/classes started by ykw in /Users/ykw/Documents/WebApp/IdeaProj/web-ai-proj02)
2025-11-09 00:28:34.569 [main] INFO  com.itheima.TliasWebManagementApplication-No active profile set, falling back to 1 default profile: "default"
2025-11-09 00:28:35.278 [main] INFO  o.s.boot.web.embedded.tomcat.TomcatWebServer-Tomcat initialized with port 8080 (http)
2025-11-09 00:28:35.285 [main] INFO  org.apache.coyote.http11.Http11NioProtocol-Initializing ProtocolHandler ["http-nio-8080"]
2025-11-09 00:28:35.286 [main] INFO  org.apache.catalina.core.StandardService-Starting service [Tomcat]
2025-11-09 00:28:35.286 [main] INFO  org.apache.catalina.core.StandardEngine-Starting Servlet engine: [Apache Tomcat/10.1.48]
2025-11-09 00:28:35.315 [main] INFO  o.a.c.core.ContainerBase.[Tomcat].[localhost].[/]-Initializing Spring embedded WebApplicationContext
2025-11-09 00:28:35.315 [main] INFO  o.s.b.w.s.c.ServletWebServerApplicationContext-Root WebApplicationContext: initialization completed in 724 ms
2025-11-09 00:28:35.936 [main] INFO  o.s.b.actuate.endpoint.web.EndpointLinksResolver-Exposing 1 endpoint beneath base path '/actuator'
2025-11-09 00:28:35.967 [main] INFO  org.apache.coyote.http11.Http11NioProtocol-Starting ProtocolHandler ["http-nio-8080"]
2025-11-09 00:28:35.976 [main] INFO  o.s.boot.web.embedded.tomcat.TomcatWebServer-Tomcat started on port 8080 (http) with context path '/'
2025-11-09 00:28:35.985 [main] INFO  com.itheima.TliasWebManagementApplication-Started TliasWebManagementApplication in 1.594 seconds (process running for 3.971)
2025-11-09 00:28:45.064 [http-nio-8080-exec-1] INFO  o.a.c.core.ContainerBase.[Tomcat].[localhost].[/]-Initializing Spring DispatcherServlet 'dispatcherServlet'
2025-11-09 00:28:45.065 [http-nio-8080-exec-1] INFO  org.springframework.web.servlet.DispatcherServlet-Initializing Servlet 'dispatcherServlet'
2025-11-09 00:28:45.069 [http-nio-8080-exec-1] INFO  org.springframework.web.servlet.DispatcherServlet-Completed initialization in 4 ms
2025-11-09 00:28:45.088 [http-nio-8080-exec-1] INFO  com.itheima.intercepter.TokenIntercepter-token不存在 响应401
2025-11-09 00:28:51.092 [http-nio-8080-exec-2] INFO  com.itheima.controller.LoginController-登陆：Emp(id=null, username=songjiang, password=123456, name=null, gender=null, phone=null, job=null, salary=null, image=null, entryDate=null, deptId=null, createTime=null, updateTime=null, deptName=null, exprList=null)
2025-11-09 00:28:51.111 [http-nio-8080-exec-2] INFO  com.zaxxer.hikari.HikariDataSource-HikariPool-1 - Starting...
2025-11-09 00:28:51.373 [http-nio-8080-exec-2] INFO  com.zaxxer.hikari.pool.HikariPool-HikariPool-1 - Added connection com.mysql.cj.jdbc.ConnectionImpl@5323f4a6
2025-11-09 00:28:51.377 [http-nio-8080-exec-2] INFO  com.zaxxer.hikari.HikariDataSource-HikariPool-1 - Start completed.
2025-11-09 00:28:51.502 [http-nio-8080-exec-2] INFO  com.itheima.service.impl.EmpServiceImpl-登陆成功:Emp(id=2, username=songjiang, password=null, name=宋江, gender=null, phone=null, job=null, salary=null, image=null, entryDate=null, deptId=null, createTime=null, updateTime=null, deptName=null, exprList=null)
2025-11-09 00:28:54.047 [http-nio-8080-exec-3] INFO  com.itheima.controller.DeptController-查询全部部门数据
2025-11-09 00:29:10.026 [http-nio-8080-exec-4] INFO  com.itheima.controller.DeptController-根据ID查询部门数据：1
2025-11-09 00:29:12.183 [http-nio-8080-exec-5] INFO  com.itheima.controller.DeptController-修改部门数据：Dept(id=1, name=学工部, createTime=2024-09-25T09:47:40, updateTime=2025-11-09T00:29:12.151338)
2025-11-09 00:29:12.186 [http-nio-8080-exec-5] INFO  com.itheima.aop.OperationLogAspect-记录操作日志：OperateLog(id=null, operateEmpId=1, operateTime=2025-11-09T00:29:12.184026, className=com.itheima.controller.DeptController, methodName=update, methodParams=[Dept(id=1, name=学工部, createTime=2024-09-25T09:47:40, updateTime=2025-11-09T00:29:12.151338)], returnValue=Result(code=1, msg=success, data=null), costTime=32)
2025-11-09 00:29:12.217 [http-nio-8080-exec-6] INFO  com.itheima.controller.DeptController-查询全部部门数据
2025-11-09 00:31:07.108 [SpringApplicationShutdownHook] INFO  o.s.boot.web.embedded.tomcat.GracefulShutdown-Commencing graceful shutdown. Waiting for active requests to complete
2025-11-09 00:31:07.125 [tomcat-shutdown] INFO  o.s.boot.web.embedded.tomcat.GracefulShutdown-Graceful shutdown complete
2025-11-09 00:31:07.135 [SpringApplicationShutdownHook] INFO  com.zaxxer.hikari.HikariDataSource-HikariPool-1 - Shutdown initiated...
2025-11-09 00:31:07.146 [SpringApplicationShutdownHook] INFO  com.zaxxer.hikari.HikariDataSource-HikariPool-1 - Shutdown completed.
2025-11-09 00:31:10.416 [main] INFO  com.itheima.TliasWebManagementApplication-Starting TliasWebManagementApplication using Java 17.0.17 with PID 99757 (/Users/ykw/Documents/WebApp/IdeaProj/web-ai-proj02/tlias-web-management/target/classes started by ykw in /Users/ykw/Documents/WebApp/IdeaProj/web-ai-proj02)
2025-11-09 00:31:10.417 [main] INFO  com.itheima.TliasWebManagementApplication-No active profile set, falling back to 1 default profile: "default"
2025-11-09 00:31:11.550 [main] INFO  o.s.boot.web.embedded.tomcat.TomcatWebServer-Tomcat initialized with port 8080 (http)
2025-11-09 00:31:11.562 [main] INFO  org.apache.coyote.http11.Http11NioProtocol-Initializing ProtocolHandler ["http-nio-8080"]
2025-11-09 00:31:11.563 [main] INFO  org.apache.catalina.core.StandardService-Starting service [Tomcat]
2025-11-09 00:31:11.563 [main] INFO  org.apache.catalina.core.StandardEngine-Starting Servlet engine: [Apache Tomcat/10.1.48]
2025-11-09 00:31:11.596 [main] INFO  o.a.c.core.ContainerBase.[Tomcat].[localhost].[/]-Initializing Spring embedded WebApplicationContext
2025-11-09 00:31:11.596 [main] INFO  o.s.b.w.s.c.ServletWebServerApplicationContext-Root WebApplicationContext: initialization completed in 1156 ms
2025-11-09 00:31:12.314 [main] INFO  o.s.b.actuate.endpoint.web.EndpointLinksResolver-Exposing 1 endpoint beneath base path '/actuator'
2025-11-09 00:31:12.347 [main] INFO  org.apache.coyote.http11.Http11NioProtocol-Starting ProtocolHandler ["http-nio-8080"]
2025-11-09 00:31:12.365 [main] INFO  o.s.boot.web.embedded.tomcat.TomcatWebServer-Tomcat started on port 8080 (http) with context path '/'
2025-11-09 00:31:12.379 [main] INFO  com.itheima.TliasWebManagementApplication-Started TliasWebManagementApplication in 2.196 seconds (process running for 3.63)
2025-11-09 00:31:22.514 [http-nio-8080-exec-2] INFO  o.a.c.core.ContainerBase.[Tomcat].[localhost].[/]-Initializing Spring DispatcherServlet 'dispatcherServlet'
2025-11-09 00:31:22.514 [http-nio-8080-exec-2] INFO  org.springframework.web.servlet.DispatcherServlet-Initializing Servlet 'dispatcherServlet'
2025-11-09 00:31:22.518 [http-nio-8080-exec-2] INFO  org.springframework.web.servlet.DispatcherServlet-Completed initialization in 4 ms
2025-11-09 00:31:22.614 [http-nio-8080-exec-1] INFO  com.itheima.controller.EmpController-分页查询:EmpQueryParam(page=1, pageSize=10, name=, gender=null, begin=null, end=null) 
2025-11-09 00:31:22.618 [http-nio-8080-exec-2] INFO  com.zaxxer.hikari.HikariDataSource-HikariPool-1 - Starting...
2025-11-09 00:31:22.876 [http-nio-8080-exec-2] INFO  com.zaxxer.hikari.pool.HikariPool-HikariPool-1 - Added connection com.mysql.cj.jdbc.ConnectionImpl@2b89112
2025-11-09 00:31:22.877 [http-nio-8080-exec-2] INFO  com.zaxxer.hikari.HikariDataSource-HikariPool-1 - Start completed.
2025-11-09 00:31:22.939 [http-nio-8080-exec-2] INFO  com.itheima.controller.DeptController-查询全部部门数据
2025-11-09 00:31:23.160 [http-nio-8080-exec-3] INFO  com.itheima.controller.DeptController-查询全部部门数据
2025-11-09 00:31:30.688 [http-nio-8080-exec-4] INFO  com.itheima.controller.LoginController-登陆：Emp(id=null, username=songjiang, password=123456, name=null, gender=null, phone=null, job=null, salary=null, image=null, entryDate=null, deptId=null, createTime=null, updateTime=null, deptName=null, exprList=null)
2025-11-09 00:31:30.710 [http-nio-8080-exec-4] INFO  com.itheima.service.impl.EmpServiceImpl-登陆成功:Emp(id=2, username=songjiang, password=null, name=宋江, gender=null, phone=null, job=null, salary=null, image=null, entryDate=null, deptId=null, createTime=null, updateTime=null, deptName=null, exprList=null)
2025-11-09 00:31:34.182 [http-nio-8080-exec-7] INFO  com.itheima.controller.DeptController-查询全部部门数据
2025-11-09 00:31:42.155 [http-nio-8080-exec-10] INFO  com.itheima.controller.LoginController-登陆：Emp(id=null, username=songjiang, password=123456, name=null, gender=null, phone=null, job=null, salary=null, image=null, entryDate=null, deptId=null, createTime=null, updateTime=null, deptName=null, exprList=null)
2025-11-09 00:31:42.169 [http-nio-8080-exec-10] INFO  com.itheima.service.impl.EmpServiceImpl-登陆成功:Emp(id=2, username=songjiang, password=null, name=宋江, gender=null, phone=null, job=null, salary=null, image=null, entryDate=null, deptId=null, createTime=null, updateTime=null, deptName=null, exprList=null)
2025-11-09 00:31:53.056 [http-nio-8080-exec-9] INFO  com.itheima.controller.DeptController-新增部门: Dept(id=null, name=test, createTime=2025-11-09T00:31:53.022066, updateTime=2025-11-09T00:31:53.022194)
2025-11-09 00:31:53.060 [http-nio-8080-exec-9] INFO  com.itheima.aop.OperationLogAspect-记录操作日志：OperateLog(id=null, operateEmpId=1, operateTime=2025-11-09T00:31:53.058080, className=com.itheima.controller.DeptController, methodName=add, methodParams=[Dept(id=null, name=test, createTime=2025-11-09T00:31:53.022066, updateTime=2025-11-09T00:31:53.022194)], returnValue=Result(code=1, msg=success, data=null), costTime=37)
2025-11-09 00:31:53.115 [http-nio-8080-exec-2] INFO  com.itheima.controller.DeptController-查询全部部门数据
2025-11-09 00:32:03.121 [http-nio-8080-exec-1] DEBUG o.s.jdbc.support.JdbcTransactionManager-Creating new transaction with name [com.itheima.service.impl.DeptServiceImpl.deleteById]: PROPAGATION_REQUIRED,ISOLATION_DEFAULT,-java.lang.Exception
2025-11-09 00:32:03.124 [http-nio-8080-exec-1] DEBUG o.s.jdbc.support.JdbcTransactionManager-Acquired Connection [HikariProxyConnection@972778071 wrapping com.mysql.cj.jdbc.ConnectionImpl@11fd981e] for JDBC transaction
2025-11-09 00:32:03.127 [http-nio-8080-exec-1] DEBUG o.s.jdbc.support.JdbcTransactionManager-Switching JDBC Connection [HikariProxyConnection@972778071 wrapping com.mysql.cj.jdbc.ConnectionImpl@11fd981e] to manual commit
2025-11-09 00:32:03.137 [http-nio-8080-exec-1] DEBUG o.s.jdbc.support.JdbcTransactionManager-Initiating transaction commit
2025-11-09 00:32:03.138 [http-nio-8080-exec-1] DEBUG o.s.jdbc.support.JdbcTransactionManager-Committing JDBC transaction on Connection [HikariProxyConnection@972778071 wrapping com.mysql.cj.jdbc.ConnectionImpl@11fd981e]
2025-11-09 00:32:03.140 [http-nio-8080-exec-1] DEBUG o.s.jdbc.support.JdbcTransactionManager-Releasing JDBC Connection [HikariProxyConnection@972778071 wrapping com.mysql.cj.jdbc.ConnectionImpl@11fd981e] after transaction
2025-11-09 00:32:03.140 [http-nio-8080-exec-1] INFO  com.itheima.controller.DeptController-根据ID删除部门: 11
2025-11-09 00:32:03.140 [http-nio-8080-exec-1] INFO  com.itheima.aop.OperationLogAspect-记录操作日志：OperateLog(id=null, operateEmpId=1, operateTime=2025-11-09T00:32:03.140714, className=com.itheima.controller.DeptController, methodName=delete, methodParams=[11], returnValue=Result(code=1, msg=success, data=null), costTime=31)
2025-11-09 00:32:03.156 [http-nio-8080-exec-3] INFO  com.itheima.controller.DeptController-查询全部部门数据
2025-11-09 00:33:18.732 [SpringApplicationShutdownHook] INFO  o.s.boot.web.embedded.tomcat.GracefulShutdown-Commencing graceful shutdown. Waiting for active requests to complete
2025-11-09 00:33:18.741 [tomcat-shutdown] INFO  o.s.boot.web.embedded.tomcat.GracefulShutdown-Graceful shutdown complete
2025-11-09 00:33:18.747 [SpringApplicationShutdownHook] INFO  com.zaxxer.hikari.HikariDataSource-HikariPool-1 - Shutdown initiated...
2025-11-09 00:33:18.755 [SpringApplicationShutdownHook] INFO  com.zaxxer.hikari.HikariDataSource-HikariPool-1 - Shutdown completed.
2025-11-09 00:51:59.571 [main] INFO  com.itheima.TliasWebManagementApplication-Starting TliasWebManagementApplication using Java 17.0.17 with PID 549 (/Users/ykw/Documents/WebApp/IdeaProj/web-ai-proj02/tlias-web-management/target/classes started by ykw in /Users/ykw/Documents/WebApp/IdeaProj/web-ai-proj02)
2025-11-09 00:51:59.573 [main] INFO  com.itheima.TliasWebManagementApplication-No active profile set, falling back to 1 default profile: "default"
2025-11-09 00:52:00.307 [main] INFO  o.s.boot.web.embedded.tomcat.TomcatWebServer-Tomcat initialized with port 8080 (http)
2025-11-09 00:52:00.313 [main] INFO  org.apache.coyote.http11.Http11NioProtocol-Initializing ProtocolHandler ["http-nio-8080"]
2025-11-09 00:52:00.313 [main] INFO  org.apache.catalina.core.StandardService-Starting service [Tomcat]
2025-11-09 00:52:00.313 [main] INFO  org.apache.catalina.core.StandardEngine-Starting Servlet engine: [Apache Tomcat/10.1.48]
2025-11-09 00:52:00.333 [main] INFO  o.a.c.core.ContainerBase.[Tomcat].[localhost].[/]-Initializing Spring embedded WebApplicationContext
2025-11-09 00:52:00.334 [main] INFO  o.s.b.w.s.c.ServletWebServerApplicationContext-Root WebApplicationContext: initialization completed in 740 ms
2025-11-09 00:52:00.844 [main] INFO  o.s.b.actuate.endpoint.web.EndpointLinksResolver-Exposing 1 endpoint beneath base path '/actuator'
2025-11-09 00:52:00.872 [main] INFO  org.apache.coyote.http11.Http11NioProtocol-Starting ProtocolHandler ["http-nio-8080"]
2025-11-09 00:52:00.881 [main] INFO  o.s.boot.web.embedded.tomcat.TomcatWebServer-Tomcat started on port 8080 (http) with context path '/'
2025-11-09 00:52:00.890 [main] INFO  com.itheima.TliasWebManagementApplication-Started TliasWebManagementApplication in 1.492 seconds (process running for 3.038)
2025-11-09 00:52:05.782 [http-nio-8080-exec-1] INFO  o.a.c.core.ContainerBase.[Tomcat].[localhost].[/]-Initializing Spring DispatcherServlet 'dispatcherServlet'
2025-11-09 00:52:05.783 [http-nio-8080-exec-1] INFO  org.springframework.web.servlet.DispatcherServlet-Initializing Servlet 'dispatcherServlet'
2025-11-09 00:52:05.784 [http-nio-8080-exec-1] INFO  org.springframework.web.servlet.DispatcherServlet-Completed initialization in 0 ms
2025-11-09 00:52:05.835 [http-nio-8080-exec-2] INFO  com.itheima.intercepter.TokenIntercepter-当前登录员工id：2 已经存储到localthread
2025-11-09 00:52:05.835 [http-nio-8080-exec-1] INFO  com.itheima.intercepter.TokenIntercepter-当前登录员工id：2 已经存储到localthread
2025-11-09 00:52:05.866 [http-nio-8080-exec-2] INFO  com.zaxxer.hikari.HikariDataSource-HikariPool-1 - Starting...
2025-11-09 00:52:06.079 [http-nio-8080-exec-2] INFO  com.zaxxer.hikari.pool.HikariPool-HikariPool-1 - Added connection com.mysql.cj.jdbc.ConnectionImpl@3218b048
2025-11-09 00:52:06.081 [http-nio-8080-exec-2] INFO  com.zaxxer.hikari.HikariDataSource-HikariPool-1 - Start completed.
2025-11-09 00:52:06.833 [http-nio-8080-exec-3] INFO  com.itheima.intercepter.TokenIntercepter-当前登录员工id：2 已经存储到localthread
2025-11-09 00:52:06.844 [http-nio-8080-exec-3] INFO  com.itheima.controller.DeptController-查询全部部门数据
2025-11-09 00:52:14.342 [http-nio-8080-exec-4] INFO  com.itheima.controller.LoginController-登陆：Emp(id=null, username=linchong, password=123456, name=null, gender=null, phone=null, job=null, salary=null, image=null, entryDate=null, deptId=null, createTime=null, updateTime=null, deptName=null, exprList=null)
2025-11-09 00:52:14.356 [http-nio-8080-exec-4] INFO  com.itheima.service.impl.EmpServiceImpl-登陆成功:Emp(id=10, username=linchong, password=null, name=林冲, gender=null, phone=null, job=null, salary=null, image=null, entryDate=null, deptId=null, createTime=null, updateTime=null, deptName=null, exprList=null)
2025-11-09 00:52:16.960 [http-nio-8080-exec-5] INFO  com.itheima.intercepter.TokenIntercepter-当前登录员工id：10 已经存储到localthread
2025-11-09 00:52:16.967 [http-nio-8080-exec-5] INFO  com.itheima.controller.DeptController-查询全部部门数据
2025-11-09 00:52:20.409 [http-nio-8080-exec-6] INFO  com.itheima.intercepter.TokenIntercepter-当前登录员工id：10 已经存储到localthread
2025-11-09 00:52:20.442 [http-nio-8080-exec-6] INFO  com.itheima.controller.DeptController-新增部门: Dept(id=null, name=777, createTime=2025-11-09T00:52:20.424635, updateTime=2025-11-09T00:52:20.424697)
2025-11-09 00:52:20.444 [http-nio-8080-exec-6] INFO  com.itheima.aop.OperationLogAspect-记录操作日志：OperateLog(id=null, operateEmpId=10, operateTime=2025-11-09T00:52:20.443128, className=com.itheima.controller.DeptController, methodName=add, methodParams=[Dept(id=null, name=777, createTime=2025-11-09T00:52:20.424635, updateTime=2025-11-09T00:52:20.424697)], returnValue=Result(code=1, msg=success, data=null), costTime=19)
2025-11-09 00:52:20.468 [http-nio-8080-exec-7] INFO  com.itheima.intercepter.TokenIntercepter-当前登录员工id：10 已经存储到localthread
2025-11-09 00:52:20.474 [http-nio-8080-exec-7] INFO  com.itheima.controller.DeptController-查询全部部门数据
2025-11-09 00:52:22.576 [http-nio-8080-exec-8] INFO  com.itheima.intercepter.TokenIntercepter-当前登录员工id：10 已经存储到localthread
2025-11-09 00:52:22.585 [http-nio-8080-exec-8] INFO  com.itheima.controller.DeptController-根据ID查询部门数据：12
2025-11-09 00:52:26.564 [http-nio-8080-exec-9] INFO  com.itheima.intercepter.TokenIntercepter-当前登录员工id：10 已经存储到localthread
2025-11-09 00:52:26.579 [http-nio-8080-exec-9] INFO  com.itheima.controller.DeptController-修改部门数据：Dept(id=12, name=888, createTime=2025-11-09T00:52:20, updateTime=2025-11-09T00:52:26.571359)
2025-11-09 00:52:26.579 [http-nio-8080-exec-9] INFO  com.itheima.aop.OperationLogAspect-记录操作日志：OperateLog(id=null, operateEmpId=10, operateTime=2025-11-09T00:52:26.579759, className=com.itheima.controller.DeptController, methodName=update, methodParams=[Dept(id=12, name=888, createTime=2025-11-09T00:52:20, updateTime=2025-11-09T00:52:26.571359)], returnValue=Result(code=1, msg=success, data=null), costTime=8)
2025-11-09 00:52:26.600 [http-nio-8080-exec-10] INFO  com.itheima.intercepter.TokenIntercepter-当前登录员工id：10 已经存储到localthread
2025-11-09 00:52:26.608 [http-nio-8080-exec-10] INFO  com.itheima.controller.DeptController-查询全部部门数据
2025-11-09 00:52:28.063 [http-nio-8080-exec-2] INFO  com.itheima.intercepter.TokenIntercepter-当前登录员工id：10 已经存储到localthread
2025-11-09 00:52:28.073 [http-nio-8080-exec-2] DEBUG o.s.jdbc.support.JdbcTransactionManager-Creating new transaction with name [com.itheima.service.impl.DeptServiceImpl.deleteById]: PROPAGATION_REQUIRED,ISOLATION_DEFAULT,-java.lang.Exception
2025-11-09 00:52:28.075 [http-nio-8080-exec-2] DEBUG o.s.jdbc.support.JdbcTransactionManager-Acquired Connection [HikariProxyConnection@104661188 wrapping com.mysql.cj.jdbc.ConnectionImpl@3218b048] for JDBC transaction
2025-11-09 00:52:28.077 [http-nio-8080-exec-2] DEBUG o.s.jdbc.support.JdbcTransactionManager-Switching JDBC Connection [HikariProxyConnection@104661188 wrapping com.mysql.cj.jdbc.ConnectionImpl@3218b048] to manual commit
2025-11-09 00:52:28.086 [http-nio-8080-exec-2] DEBUG o.s.jdbc.support.JdbcTransactionManager-Initiating transaction commit
2025-11-09 00:52:28.086 [http-nio-8080-exec-2] DEBUG o.s.jdbc.support.JdbcTransactionManager-Committing JDBC transaction on Connection [HikariProxyConnection@104661188 wrapping com.mysql.cj.jdbc.ConnectionImpl@3218b048]
2025-11-09 00:52:28.089 [http-nio-8080-exec-2] DEBUG o.s.jdbc.support.JdbcTransactionManager-Releasing JDBC Connection [HikariProxyConnection@104661188 wrapping com.mysql.cj.jdbc.ConnectionImpl@3218b048] after transaction
2025-11-09 00:52:28.089 [http-nio-8080-exec-2] INFO  com.itheima.controller.DeptController-根据ID删除部门: 12
2025-11-09 00:52:28.089 [http-nio-8080-exec-2] INFO  com.itheima.aop.OperationLogAspect-记录操作日志：OperateLog(id=null, operateEmpId=10, operateTime=2025-11-09T00:52:28.089548, className=com.itheima.controller.DeptController, methodName=delete, methodParams=[12], returnValue=Result(code=1, msg=success, data=null), costTime=22)
2025-11-09 00:52:28.098 [http-nio-8080-exec-1] INFO  com.itheima.intercepter.TokenIntercepter-当前登录员工id：10 已经存储到localthread
2025-11-09 00:52:28.101 [http-nio-8080-exec-1] INFO  com.itheima.controller.DeptController-查询全部部门数据
2025-11-09 00:56:14.856 [SpringApplicationShutdownHook] INFO  o.s.boot.web.embedded.tomcat.GracefulShutdown-Commencing graceful shutdown. Waiting for active requests to complete
2025-11-09 00:56:14.863 [tomcat-shutdown] INFO  o.s.boot.web.embedded.tomcat.GracefulShutdown-Graceful shutdown complete
2025-11-09 00:56:14.869 [SpringApplicationShutdownHook] INFO  com.zaxxer.hikari.HikariDataSource-HikariPool-1 - Shutdown initiated...
2025-11-09 00:56:14.874 [SpringApplicationShutdownHook] INFO  com.zaxxer.hikari.HikariDataSource-HikariPool-1 - Shutdown completed.
2025-11-09 01:08:17.983 [main] INFO  com.itheima.TliasWebManagementApplication-Starting TliasWebManagementApplication using Java 17.0.17 with PID 1111 (/Users/ykw/Documents/WebApp/IdeaProj/web-ai-proj02/tlias-web-management/target/classes started by ykw in /Users/ykw/Documents/WebApp/IdeaProj/web-ai-proj02)
2025-11-09 01:08:17.985 [main] INFO  com.itheima.TliasWebManagementApplication-No active profile set, falling back to 1 default profile: "default"
2025-11-09 01:08:18.666 [main] INFO  o.s.boot.web.embedded.tomcat.TomcatWebServer-Tomcat initialized with port 8080 (http)
2025-11-09 01:08:18.672 [main] INFO  org.apache.coyote.http11.Http11NioProtocol-Initializing ProtocolHandler ["http-nio-8080"]
2025-11-09 01:08:18.673 [main] INFO  org.apache.catalina.core.StandardService-Starting service [Tomcat]
2025-11-09 01:08:18.673 [main] INFO  org.apache.catalina.core.StandardEngine-Starting Servlet engine: [Apache Tomcat/10.1.48]
2025-11-09 01:08:18.694 [main] INFO  o.a.c.core.ContainerBase.[Tomcat].[localhost].[/]-Initializing Spring embedded WebApplicationContext
2025-11-09 01:08:18.695 [main] INFO  o.s.b.w.s.c.ServletWebServerApplicationContext-Root WebApplicationContext: initialization completed in 688 ms
2025-11-09 01:08:19.297 [main] INFO  o.s.b.actuate.endpoint.web.EndpointLinksResolver-Exposing 1 endpoint beneath base path '/actuator'
2025-11-09 01:08:19.333 [main] INFO  org.apache.coyote.http11.Http11NioProtocol-Starting ProtocolHandler ["http-nio-8080"]
2025-11-09 01:08:19.343 [main] INFO  o.s.boot.web.embedded.tomcat.TomcatWebServer-Tomcat started on port 8080 (http) with context path '/'
2025-11-09 01:08:19.354 [main] INFO  com.itheima.TliasWebManagementApplication-Started TliasWebManagementApplication in 1.564 seconds (process running for 2.291)
2025-11-09 01:08:19.969 [RMI TCP Connection(6)-127.0.0.1] INFO  o.a.c.core.ContainerBase.[Tomcat].[localhost].[/]-Initializing Spring DispatcherServlet 'dispatcherServlet'
2025-11-09 01:08:19.970 [RMI TCP Connection(6)-127.0.0.1] INFO  org.springframework.web.servlet.DispatcherServlet-Initializing Servlet 'dispatcherServlet'
2025-11-09 01:08:19.971 [RMI TCP Connection(6)-127.0.0.1] INFO  org.springframework.web.servlet.DispatcherServlet-Completed initialization in 1 ms
2025-11-09 01:08:19.971 [RMI TCP Connection(3)-127.0.0.1] INFO  com.zaxxer.hikari.HikariDataSource-HikariPool-1 - Starting...
2025-11-09 01:08:20.139 [RMI TCP Connection(3)-127.0.0.1] INFO  com.zaxxer.hikari.pool.HikariPool-HikariPool-1 - Added connection com.mysql.cj.jdbc.ConnectionImpl@307e60e3
2025-11-09 01:08:20.144 [RMI TCP Connection(3)-127.0.0.1] INFO  com.zaxxer.hikari.HikariDataSource-HikariPool-1 - Start completed.
2025-11-09 01:08:20.411 [http-nio-8080-exec-1] INFO  com.itheima.intercepter.TokenIntercepter-当前登录员工id：10 已经存储到localthread
2025-11-09 01:08:20.411 [http-nio-8080-exec-2] INFO  com.itheima.intercepter.TokenIntercepter-当前登录员工id：10 已经存储到localthread
2025-11-09 01:08:20.759 [http-nio-8080-exec-3] INFO  com.itheima.intercepter.TokenIntercepter-当前登录员工id：10 已经存储到localthread
2025-11-09 01:08:29.814 [http-nio-8080-exec-4] INFO  com.itheima.intercepter.TokenIntercepter-当前登录员工id：10 已经存储到localthread
2025-11-09 01:08:30.778 [http-nio-8080-exec-5] INFO  com.itheima.intercepter.TokenIntercepter-当前登录员工id：10 已经存储到localthread
2025-11-09 01:08:31.592 [http-nio-8080-exec-6] INFO  com.itheima.intercepter.TokenIntercepter-当前登录员工id：10 已经存储到localthread
2025-11-09 01:08:32.353 [http-nio-8080-exec-7] INFO  com.itheima.intercepter.TokenIntercepter-当前登录员工id：10 已经存储到localthread
2025-11-09 01:09:00.095 [SpringApplicationShutdownHook] INFO  o.s.boot.web.embedded.tomcat.GracefulShutdown-Commencing graceful shutdown. Waiting for active requests to complete
2025-11-09 01:09:00.103 [tomcat-shutdown] INFO  o.s.boot.web.embedded.tomcat.GracefulShutdown-Graceful shutdown complete
2025-11-09 01:09:00.108 [SpringApplicationShutdownHook] INFO  com.zaxxer.hikari.HikariDataSource-HikariPool-1 - Shutdown initiated...
2025-11-09 01:09:00.117 [SpringApplicationShutdownHook] INFO  com.zaxxer.hikari.HikariDataSource-HikariPool-1 - Shutdown completed.
2025-11-09 01:09:08.024 [main] INFO  com.itheima.TliasWebManagementApplication-Starting TliasWebManagementApplication using Java 17.0.17 with PID 1143 (/Users/ykw/Documents/WebApp/IdeaProj/web-ai-proj02/tlias-web-management/target/classes started by ykw in /Users/ykw/Documents/WebApp/IdeaProj/web-ai-proj02)
2025-11-09 01:09:08.025 [main] INFO  com.itheima.TliasWebManagementApplication-No active profile set, falling back to 1 default profile: "default"
2025-11-09 01:09:09.071 [main] INFO  o.s.boot.web.embedded.tomcat.TomcatWebServer-Tomcat initialized with port 8080 (http)
2025-11-09 01:09:09.078 [main] INFO  org.apache.coyote.http11.Http11NioProtocol-Initializing ProtocolHandler ["http-nio-8080"]
2025-11-09 01:09:09.080 [main] INFO  org.apache.catalina.core.StandardService-Starting service [Tomcat]
2025-11-09 01:09:09.080 [main] INFO  org.apache.catalina.core.StandardEngine-Starting Servlet engine: [Apache Tomcat/10.1.48]
2025-11-09 01:09:09.104 [main] INFO  o.a.c.core.ContainerBase.[Tomcat].[localhost].[/]-Initializing Spring embedded WebApplicationContext
2025-11-09 01:09:09.104 [main] INFO  o.s.b.w.s.c.ServletWebServerApplicationContext-Root WebApplicationContext: initialization completed in 1057 ms
2025-11-09 01:09:09.682 [main] INFO  o.s.b.actuate.endpoint.web.EndpointLinksResolver-Exposing 1 endpoint beneath base path '/actuator'
2025-11-09 01:09:09.712 [main] INFO  org.apache.coyote.http11.Http11NioProtocol-Starting ProtocolHandler ["http-nio-8080"]
2025-11-09 01:09:09.721 [main] INFO  o.s.boot.web.embedded.tomcat.TomcatWebServer-Tomcat started on port 8080 (http) with context path '/'
2025-11-09 01:09:09.734 [main] INFO  com.itheima.TliasWebManagementApplication-Started TliasWebManagementApplication in 1.868 seconds (process running for 2.503)
2025-11-09 01:09:10.147 [RMI TCP Connection(4)-127.0.0.1] INFO  o.a.c.core.ContainerBase.[Tomcat].[localhost].[/]-Initializing Spring DispatcherServlet 'dispatcherServlet'
2025-11-09 01:09:10.147 [RMI TCP Connection(4)-127.0.0.1] INFO  org.springframework.web.servlet.DispatcherServlet-Initializing Servlet 'dispatcherServlet'
2025-11-09 01:09:10.146 [RMI TCP Connection(3)-127.0.0.1] INFO  com.zaxxer.hikari.HikariDataSource-HikariPool-1 - Starting...
2025-11-09 01:09:10.148 [RMI TCP Connection(4)-127.0.0.1] INFO  org.springframework.web.servlet.DispatcherServlet-Completed initialization in 1 ms
2025-11-09 01:09:10.330 [RMI TCP Connection(3)-127.0.0.1] INFO  com.zaxxer.hikari.pool.HikariPool-HikariPool-1 - Added connection com.mysql.cj.jdbc.ConnectionImpl@46671d49
2025-11-09 01:09:10.333 [RMI TCP Connection(3)-127.0.0.1] INFO  com.zaxxer.hikari.HikariDataSource-HikariPool-1 - Start completed.
2025-11-09 01:09:38.189 [http-nio-8080-exec-1] INFO  com.itheima.intercepter.TokenIntercepter-当前登录员工id：10 已经存储到localthread
2025-11-09 01:11:06.038 [SpringApplicationShutdownHook] INFO  o.s.boot.web.embedded.tomcat.GracefulShutdown-Commencing graceful shutdown. Waiting for active requests to complete
2025-11-09 01:11:06.048 [tomcat-shutdown] INFO  o.s.boot.web.embedded.tomcat.GracefulShutdown-Graceful shutdown complete
2025-11-09 01:11:06.055 [SpringApplicationShutdownHook] INFO  com.zaxxer.hikari.HikariDataSource-HikariPool-1 - Shutdown initiated...
2025-11-09 01:11:06.063 [SpringApplicationShutdownHook] INFO  com.zaxxer.hikari.HikariDataSource-HikariPool-1 - Shutdown completed.
2025-11-09 12:44:10.989 [main] INFO  com.itheima.TliasWebManagementApplication-Starting TliasWebManagementApplication using Java 17.0.17 with PID 2971 (/Users/ykw/Documents/WebApp/IdeaProj/web-ai-proj02/tlias-web-management/target/classes started by ykw in /Users/ykw/Documents/WebApp/IdeaProj/web-ai-proj02)
2025-11-09 12:44:10.991 [main] INFO  com.itheima.TliasWebManagementApplication-No active profile set, falling back to 1 default profile: "default"
2025-11-09 12:44:11.662 [main] INFO  o.s.boot.web.embedded.tomcat.TomcatWebServer-Tomcat initialized with port 9000 (http)
2025-11-09 12:44:11.668 [main] INFO  org.apache.coyote.http11.Http11NioProtocol-Initializing ProtocolHandler ["http-nio-9000"]
2025-11-09 12:44:11.669 [main] INFO  org.apache.catalina.core.StandardService-Starting service [Tomcat]
2025-11-09 12:44:11.669 [main] INFO  org.apache.catalina.core.StandardEngine-Starting Servlet engine: [Apache Tomcat/10.1.48]
2025-11-09 12:44:11.692 [main] INFO  o.a.c.core.ContainerBase.[Tomcat].[localhost].[/]-Initializing Spring embedded WebApplicationContext
2025-11-09 12:44:11.693 [main] INFO  o.s.b.w.s.c.ServletWebServerApplicationContext-Root WebApplicationContext: initialization completed in 685 ms
2025-11-09 12:44:12.216 [main] INFO  o.s.b.actuate.endpoint.web.EndpointLinksResolver-Exposing 1 endpoint beneath base path '/actuator'
2025-11-09 12:44:12.245 [main] INFO  org.apache.coyote.http11.Http11NioProtocol-Starting ProtocolHandler ["http-nio-9000"]
2025-11-09 12:44:12.255 [main] INFO  o.s.boot.web.embedded.tomcat.TomcatWebServer-Tomcat started on port 9000 (http) with context path '/'
2025-11-09 12:44:12.264 [main] INFO  com.itheima.TliasWebManagementApplication-Started TliasWebManagementApplication in 1.455 seconds (process running for 2.865)
2025-11-09 12:44:12.835 [RMI TCP Connection(2)-127.0.0.1] INFO  o.a.c.core.ContainerBase.[Tomcat].[localhost].[/]-Initializing Spring DispatcherServlet 'dispatcherServlet'
2025-11-09 12:44:12.835 [RMI TCP Connection(2)-127.0.0.1] INFO  org.springframework.web.servlet.DispatcherServlet-Initializing Servlet 'dispatcherServlet'
2025-11-09 12:44:12.836 [RMI TCP Connection(2)-127.0.0.1] INFO  org.springframework.web.servlet.DispatcherServlet-Completed initialization in 1 ms
2025-11-09 12:44:12.836 [RMI TCP Connection(4)-127.0.0.1] INFO  com.zaxxer.hikari.HikariDataSource-HikariPool-1 - Starting...
2025-11-09 12:44:13.058 [RMI TCP Connection(4)-127.0.0.1] INFO  com.zaxxer.hikari.pool.HikariPool-HikariPool-1 - Added connection com.mysql.cj.jdbc.ConnectionImpl@35950e22
2025-11-09 12:44:13.060 [RMI TCP Connection(4)-127.0.0.1] INFO  com.zaxxer.hikari.HikariDataSource-HikariPool-1 - Start completed.
2025-11-09 12:44:27.479 [SpringApplicationShutdownHook] INFO  o.s.boot.web.embedded.tomcat.GracefulShutdown-Commencing graceful shutdown. Waiting for active requests to complete
2025-11-09 12:44:27.493 [tomcat-shutdown] INFO  o.s.boot.web.embedded.tomcat.GracefulShutdown-Graceful shutdown complete
2025-11-09 12:44:27.526 [SpringApplicationShutdownHook] INFO  com.zaxxer.hikari.HikariDataSource-HikariPool-1 - Shutdown initiated...
2025-11-09 12:44:27.534 [SpringApplicationShutdownHook] INFO  com.zaxxer.hikari.HikariDataSource-HikariPool-1 - Shutdown completed.
2025-11-09 12:44:40.322 [main] INFO  com.itheima.TliasWebManagementApplication-Starting TliasWebManagementApplication using Java 17.0.17 with PID 3002 (/Users/ykw/Documents/WebApp/IdeaProj/web-ai-proj02/tlias-web-management/target/classes started by ykw in /Users/ykw/Documents/WebApp/IdeaProj/web-ai-proj02)
2025-11-09 12:44:40.323 [main] INFO  com.itheima.TliasWebManagementApplication-No active profile set, falling back to 1 default profile: "default"
2025-11-09 12:44:40.955 [main] INFO  o.s.boot.web.embedded.tomcat.TomcatWebServer-Tomcat initialized with port 8080 (http)
2025-11-09 12:44:40.960 [main] INFO  org.apache.coyote.http11.Http11NioProtocol-Initializing ProtocolHandler ["http-nio-8080"]
2025-11-09 12:44:40.961 [main] INFO  org.apache.catalina.core.StandardService-Starting service [Tomcat]
2025-11-09 12:44:40.961 [main] INFO  org.apache.catalina.core.StandardEngine-Starting Servlet engine: [Apache Tomcat/10.1.48]
2025-11-09 12:44:40.979 [main] INFO  o.a.c.core.ContainerBase.[Tomcat].[localhost].[/]-Initializing Spring embedded WebApplicationContext
2025-11-09 12:44:40.979 [main] INFO  o.s.b.w.s.c.ServletWebServerApplicationContext-Root WebApplicationContext: initialization completed in 637 ms
2025-11-09 12:44:41.467 [main] INFO  o.s.b.actuate.endpoint.web.EndpointLinksResolver-Exposing 1 endpoint beneath base path '/actuator'
2025-11-09 12:44:41.496 [main] INFO  org.apache.coyote.http11.Http11NioProtocol-Starting ProtocolHandler ["http-nio-8080"]
2025-11-09 12:44:41.505 [main] INFO  o.s.boot.web.embedded.tomcat.TomcatWebServer-Tomcat started on port 8080 (http) with context path '/'
2025-11-09 12:44:41.514 [main] INFO  com.itheima.TliasWebManagementApplication-Started TliasWebManagementApplication in 1.345 seconds (process running for 1.936)
2025-11-09 12:44:41.892 [RMI TCP Connection(1)-127.0.0.1] INFO  o.a.c.core.ContainerBase.[Tomcat].[localhost].[/]-Initializing Spring DispatcherServlet 'dispatcherServlet'
2025-11-09 12:44:41.892 [RMI TCP Connection(1)-127.0.0.1] INFO  org.springframework.web.servlet.DispatcherServlet-Initializing Servlet 'dispatcherServlet'
2025-11-09 12:44:41.894 [RMI TCP Connection(1)-127.0.0.1] INFO  org.springframework.web.servlet.DispatcherServlet-Completed initialization in 2 ms
2025-11-09 12:44:41.894 [RMI TCP Connection(2)-127.0.0.1] INFO  com.zaxxer.hikari.HikariDataSource-HikariPool-1 - Starting...
2025-11-09 12:44:42.097 [RMI TCP Connection(2)-127.0.0.1] INFO  com.zaxxer.hikari.pool.HikariPool-HikariPool-1 - Added connection com.mysql.cj.jdbc.ConnectionImpl@37d23678
2025-11-09 12:44:42.098 [RMI TCP Connection(2)-127.0.0.1] INFO  com.zaxxer.hikari.HikariDataSource-HikariPool-1 - Start completed.
2025-11-09 12:44:48.185 [SpringApplicationShutdownHook] INFO  o.s.boot.web.embedded.tomcat.GracefulShutdown-Commencing graceful shutdown. Waiting for active requests to complete
2025-11-09 12:44:48.192 [tomcat-shutdown] INFO  o.s.boot.web.embedded.tomcat.GracefulShutdown-Graceful shutdown complete
2025-11-09 12:44:48.196 [SpringApplicationShutdownHook] INFO  com.zaxxer.hikari.HikariDataSource-HikariPool-1 - Shutdown initiated...
2025-11-09 12:44:48.200 [SpringApplicationShutdownHook] INFO  com.zaxxer.hikari.HikariDataSource-HikariPool-1 - Shutdown completed.
